  [1m[35m (122.3ms)[0m  [1m[35mCREATE DATABASE "practice_development" ENCODING = 'unicode'[0m
  [1m[35m (124.8ms)[0m  [1m[35mCREATE DATABASE "practice_test" ENCODING = 'unicode'[0m
Started GET "/" for 127.0.0.1 at 2023-09-27 14:35:04 -0400
Processing by Rails::WelcomeController#index as HTML
  Rendering /Users/allonnam/.rbenv/versions/3.1.1/lib/ruby/gems/3.1.0/gems/railties-7.0.8/lib/rails/templates/rails/welcome/index.html.erb
  Rendered /Users/allonnam/.rbenv/versions/3.1.1/lib/ruby/gems/3.1.0/gems/railties-7.0.8/lib/rails/templates/rails/welcome/index.html.erb (Duration: 2.7ms | Allocations: 580)
Completed 200 OK in 32ms (Views: 8.9ms | ActiveRecord: 0.0ms | Allocations: 6569)


Started GET "/" for ::1 at 2023-09-27 14:35:42 -0400
Processing by Rails::WelcomeController#index as HTML
  Rendering /Users/allonnam/.rbenv/versions/3.1.1/lib/ruby/gems/3.1.0/gems/railties-7.0.8/lib/rails/templates/rails/welcome/index.html.erb
  Rendered /Users/allonnam/.rbenv/versions/3.1.1/lib/ruby/gems/3.1.0/gems/railties-7.0.8/lib/rails/templates/rails/welcome/index.html.erb (Duration: 2.4ms | Allocations: 278)
Completed 200 OK in 5ms (Views: 3.7ms | ActiveRecord: 0.0ms | Allocations: 1025)


Started GET "/" for ::1 at 2023-09-27 14:36:28 -0400
Processing by Rails::WelcomeController#index as HTML
  Rendering /Users/allonnam/.rbenv/versions/3.1.1/lib/ruby/gems/3.1.0/gems/railties-7.0.8/lib/rails/templates/rails/welcome/index.html.erb
  Rendered /Users/allonnam/.rbenv/versions/3.1.1/lib/ruby/gems/3.1.0/gems/railties-7.0.8/lib/rails/templates/rails/welcome/index.html.erb (Duration: 0.1ms | Allocations: 15)
Completed 200 OK in 1ms (Views: 0.4ms | ActiveRecord: 0.0ms | Allocations: 246)


Started GET "/" for ::1 at 2023-09-27 14:36:58 -0400
Processing by Rails::WelcomeController#index as */*
  Rendering /Users/allonnam/.rbenv/versions/3.1.1/lib/ruby/gems/3.1.0/gems/railties-7.0.8/lib/rails/templates/rails/welcome/index.html.erb
  Rendered /Users/allonnam/.rbenv/versions/3.1.1/lib/ruby/gems/3.1.0/gems/railties-7.0.8/lib/rails/templates/rails/welcome/index.html.erb (Duration: 0.0ms | Allocations: 16)
Completed 200 OK in 1ms (Views: 0.3ms | ActiveRecord: 0.0ms | Allocations: 312)


Started POST "/" for ::1 at 2023-09-27 14:37:31 -0400
  
ActionController::RoutingError (No route matches [POST] "/"):
  
Started GET "/" for ::1 at 2023-09-27 14:37:43 -0400
Processing by Rails::WelcomeController#index as */*
  Rendering /Users/allonnam/.rbenv/versions/3.1.1/lib/ruby/gems/3.1.0/gems/railties-7.0.8/lib/rails/templates/rails/welcome/index.html.erb
  Rendered /Users/allonnam/.rbenv/versions/3.1.1/lib/ruby/gems/3.1.0/gems/railties-7.0.8/lib/rails/templates/rails/welcome/index.html.erb (Duration: 0.1ms | Allocations: 19)
Completed 200 OK in 1ms (Views: 0.3ms | ActiveRecord: 0.0ms | Allocations: 273)


Started GET "/users" for ::1 at 2023-09-27 14:41:57 -0400
  
ActionController::RoutingError (uninitialized constant UsersController

      Object.const_get(camel_cased_word)
            ^^^^^^^^^^
Did you mean?  UserController

            raise MissingController.new(error.message, error.name)
            ^^^^^):
  
Started GET "/users" for ::1 at 2023-09-27 14:43:12 -0400
  
ActionController::RoutingError (uninitialized constant UsersController

      Object.const_get(camel_cased_word)
            ^^^^^^^^^^
Did you mean?  UserController

            raise MissingController.new(error.message, error.name)
            ^^^^^):
  
Started GET "/users" for ::1 at 2023-09-27 14:44:35 -0400
  
ActionController::RoutingError (uninitialized constant UsersController

      Object.const_get(camel_cased_word)
            ^^^^^^^^^^
Did you mean?  UserController

            raise MissingController.new(error.message, error.name)
            ^^^^^):
  
Started GET "/users" for ::1 at 2023-09-27 14:47:09 -0400
  
ActionController::RoutingError (uninitialized constant UsersController

      Object.const_get(camel_cased_word)
            ^^^^^^^^^^
Did you mean?  UserController

            raise MissingController.new(error.message, error.name)
            ^^^^^):
  
Started POST "/users" for ::1 at 2023-09-27 14:47:15 -0400
  
ActionController::RoutingError (uninitialized constant UsersController

      Object.const_get(camel_cased_word)
            ^^^^^^^^^^
Did you mean?  UserController

            raise MissingController.new(error.message, error.name)
            ^^^^^):
  
Started GET "/users" for ::1 at 2023-09-27 14:53:35 -0400
Processing by UsersController#index as */*
Completed 500 Internal Server Error in 5ms (ActiveRecord: 0.0ms | Allocations: 3384)


  
NameError (uninitialized constant UsersController::User

        users = User.all
                ^^^^):
  
app/controllers/users_controller.rb:5:in `index'
  [1m[35m (16.2ms)[0m  [1m[35mCREATE TABLE "schema_migrations" ("version" character varying NOT NULL PRIMARY KEY)[0m
  [1m[35m (3.4ms)[0m  [1m[35mCREATE TABLE "ar_internal_metadata" ("key" character varying NOT NULL PRIMARY KEY, "value" character varying, "created_at" timestamp(6) NOT NULL, "updated_at" timestamp(6) NOT NULL)[0m
  [1m[35m (0.2ms)[0m  [1m[34mSELECT pg_try_advisory_lock(7624278407833440675)[0m
  [1m[36mActiveRecord::SchemaMigration Pluck (0.8ms)[0m  [1m[34mSELECT "schema_migrations"."version" FROM "schema_migrations" ORDER BY "schema_migrations"."version" ASC[0m
Migrating to CreateUsers (20230927191600)
  [1m[36mTRANSACTION (0.1ms)[0m  [1m[35mBEGIN[0m
  [1m[35m (3.9ms)[0m  [1m[35mCREATE TABLE "users" ("id" bigserial primary key, "username" character varying NOT NULL, "email" character varying NOT NULL, "created_at" timestamp(6) NOT NULL, "updated_at" timestamp(6) NOT NULL)[0m
  [1m[35m (1.8ms)[0m  [1m[35mCREATE UNIQUE INDEX "index_users_on_username" ON "users" ("username")[0m
  [1m[35m (0.9ms)[0m  [1m[35mCREATE UNIQUE INDEX "index_users_on_email" ON "users" ("email")[0m
  [1m[36mActiveRecord::SchemaMigration Create (1.8ms)[0m  [1m[32mINSERT INTO "schema_migrations" ("version") VALUES ($1) RETURNING "version"[0m  [["version", "20230927191600"]]
  [1m[36mTRANSACTION (0.3ms)[0m  [1m[35mCOMMIT[0m
  [1m[36mActiveRecord::InternalMetadata Load (0.5ms)[0m  [1m[34mSELECT "ar_internal_metadata".* FROM "ar_internal_metadata" WHERE "ar_internal_metadata"."key" = $1 LIMIT $2[0m  [["key", "environment"], ["LIMIT", 1]]
  [1m[36mTRANSACTION (0.2ms)[0m  [1m[35mBEGIN[0m
  [1m[36mActiveRecord::InternalMetadata Create (1.0ms)[0m  [1m[32mINSERT INTO "ar_internal_metadata" ("key", "value", "created_at", "updated_at") VALUES ($1, $2, $3, $4) RETURNING "key"[0m  [["key", "environment"], ["value", "development"], ["created_at", "2023-09-27 19:19:02.932932"], ["updated_at", "2023-09-27 19:19:02.932932"]]
  [1m[36mTRANSACTION (0.4ms)[0m  [1m[35mCOMMIT[0m
  [1m[35m (0.3ms)[0m  [1m[34mSELECT pg_advisory_unlock(7624278407833440675)[0m
  [1m[36mActiveRecord::SchemaMigration Pluck (1.0ms)[0m  [1m[34mSELECT "schema_migrations"."version" FROM "schema_migrations" ORDER BY "schema_migrations"."version" ASC[0m
Started GET "/users" for ::1 at 2023-09-27 15:35:23 -0400
  [1m[36mActiveRecord::SchemaMigration Pluck (0.5ms)[0m  [1m[34mSELECT "schema_migrations"."version" FROM "schema_migrations" ORDER BY "schema_migrations"."version" ASC[0m
Processing by UsersController#index as */*
  [1m[36mUser Load (0.6ms)[0m  [1m[34mSELECT "users".* FROM "users"[0m
  ↳ app/controllers/users_controller.rb:6:in `index'
Completed 200 OK in 8ms (Views: 1.8ms | ActiveRecord: 0.6ms | Allocations: 2973)


Started POST "/users" for ::1 at 2023-09-27 15:37:16 -0400
Processing by UsersController#create as */*
  Parameters: {"user"=>{"username"=>"allon", "email"=>"allon@gmail.com"}}
[31mUnpermitted parameters: :username, :email. Context: { controller: UsersController, action: create, request: #<ActionDispatch::Request:0x000000010ea2e4a0>, params: {"user"=>{"username"=>"allon", "email"=>"allon@gmail.com"}, "controller"=>"users", "action"=>"create"} }[0m
  [1m[36mTRANSACTION (0.1ms)[0m  [1m[35mBEGIN[0m
  ↳ app/controllers/users_controller.rb:25:in `create'
  [1m[36mUser Exists? (0.3ms)[0m  [1m[34mSELECT 1 AS one FROM "users" WHERE "users"."username" IS NULL LIMIT $1[0m  [["LIMIT", 1]]
  ↳ app/controllers/users_controller.rb:25:in `create'
  [1m[36mUser Exists? (0.3ms)[0m  [1m[34mSELECT 1 AS one FROM "users" WHERE "users"."email" IS NULL LIMIT $1[0m  [["LIMIT", 1]]
  ↳ app/controllers/users_controller.rb:25:in `create'
  [1m[36mTRANSACTION (1.4ms)[0m  [1m[31mROLLBACK[0m
  ↳ app/controllers/users_controller.rb:25:in `create'
Completed 500 Internal Server Error in 69ms (ActiveRecord: 5.4ms | Allocations: 11177)


  
ArgumentError ('"Username can't be blank"' is not an ActiveModel-compatible object. It must implement :to_partial_path.):
  
app/controllers/users_controller.rb:29:in `create'
Started POST "/users" for ::1 at 2023-09-27 15:38:26 -0400
Processing by UsersController#create as */*
  Parameters: {"user"=>{"username"=>"allon", "email"=>"allon@gmail.com"}}
  [1m[36mTRANSACTION (0.1ms)[0m  [1m[35mBEGIN[0m
  ↳ app/controllers/users_controller.rb:25:in `create'
  [1m[36mUser Exists? (0.3ms)[0m  [1m[34mSELECT 1 AS one FROM "users" WHERE "users"."username" = $1 LIMIT $2[0m  [["username", "allon"], ["LIMIT", 1]]
  ↳ app/controllers/users_controller.rb:25:in `create'
  [1m[36mUser Exists? (0.3ms)[0m  [1m[34mSELECT 1 AS one FROM "users" WHERE "users"."email" = $1 LIMIT $2[0m  [["email", "allon@gmail.com"], ["LIMIT", 1]]
  ↳ app/controllers/users_controller.rb:25:in `create'
  [1m[36mUser Create (0.7ms)[0m  [1m[32mINSERT INTO "users" ("username", "email", "created_at", "updated_at") VALUES ($1, $2, $3, $4) RETURNING "id"[0m  [["username", "allon"], ["email", "allon@gmail.com"], ["created_at", "2023-09-27 19:38:26.988287"], ["updated_at", "2023-09-27 19:38:26.988287"]]
  ↳ app/controllers/users_controller.rb:25:in `create'
  [1m[36mTRANSACTION (0.4ms)[0m  [1m[35mCOMMIT[0m
  ↳ app/controllers/users_controller.rb:25:in `create'
Completed 500 Internal Server Error in 20ms (ActiveRecord: 3.9ms | Allocations: 10628)


  
NoMethodError (undefined method `user_url' for #<UsersController:0x0000000000e8d0>

            redirect_to user_url(user)
                        ^^^^^^^^
Did you mean?  users_url):
  
app/controllers/users_controller.rb:27:in `create'
Started POST "/users" for ::1 at 2023-09-27 15:39:18 -0400
  [1m[36mActiveRecord::SchemaMigration Pluck (0.5ms)[0m  [1m[34mSELECT "schema_migrations"."version" FROM "schema_migrations" ORDER BY "schema_migrations"."version" ASC[0m
Processing by UsersController#create as */*
  Parameters: {"user"=>{"username"=>"allon", "email"=>"allon@gmail.com"}}
  [1m[36mTRANSACTION (0.1ms)[0m  [1m[35mBEGIN[0m
  ↳ app/controllers/users_controller.rb:25:in `create'
  [1m[36mUser Exists? (0.7ms)[0m  [1m[34mSELECT 1 AS one FROM "users" WHERE "users"."username" = $1 LIMIT $2[0m  [["username", "allon"], ["LIMIT", 1]]
  ↳ app/controllers/users_controller.rb:25:in `create'
  [1m[36mUser Exists? (0.2ms)[0m  [1m[34mSELECT 1 AS one FROM "users" WHERE "users"."email" = $1 LIMIT $2[0m  [["email", "allon@gmail.com"], ["LIMIT", 1]]
  ↳ app/controllers/users_controller.rb:25:in `create'
  [1m[36mTRANSACTION (0.1ms)[0m  [1m[31mROLLBACK[0m
  ↳ app/controllers/users_controller.rb:25:in `create'
Completed 500 Internal Server Error in 22ms (ActiveRecord: 4.4ms | Allocations: 13542)


  
ArgumentError ('"Username has already been taken"' is not an ActiveModel-compatible object. It must implement :to_partial_path.):
  
app/controllers/users_controller.rb:29:in `create'
Started POST "/users" for ::1 at 2023-09-27 15:39:41 -0400
Processing by UsersController#create as */*
  Parameters: {"user"=>{"username"=>"rob", "email"=>"rob@gmail.com"}}
  [1m[36mTRANSACTION (0.2ms)[0m  [1m[35mBEGIN[0m
  ↳ app/controllers/users_controller.rb:25:in `create'
  [1m[36mUser Exists? (1.8ms)[0m  [1m[34mSELECT 1 AS one FROM "users" WHERE "users"."username" = $1 LIMIT $2[0m  [["username", "rob"], ["LIMIT", 1]]
  ↳ app/controllers/users_controller.rb:25:in `create'
  [1m[36mUser Exists? (0.2ms)[0m  [1m[34mSELECT 1 AS one FROM "users" WHERE "users"."email" = $1 LIMIT $2[0m  [["email", "rob@gmail.com"], ["LIMIT", 1]]
  ↳ app/controllers/users_controller.rb:25:in `create'
  [1m[36mUser Create (0.4ms)[0m  [1m[32mINSERT INTO "users" ("username", "email", "created_at", "updated_at") VALUES ($1, $2, $3, $4) RETURNING "id"[0m  [["username", "rob"], ["email", "rob@gmail.com"], ["created_at", "2023-09-27 19:39:41.031866"], ["updated_at", "2023-09-27 19:39:41.031866"]]
  ↳ app/controllers/users_controller.rb:25:in `create'
  [1m[36mTRANSACTION (0.4ms)[0m  [1m[35mCOMMIT[0m
  ↳ app/controllers/users_controller.rb:25:in `create'
Redirected to http://localhost:3000/users.2
Completed 302 Found in 9ms (ActiveRecord: 2.9ms | Allocations: 4825)


Started GET "/users.2" for ::1 at 2023-09-27 15:39:41 -0400
Processing by UsersController#index as */*
  [1m[36mUser Load (0.2ms)[0m  [1m[34mSELECT "users".* FROM "users"[0m
  ↳ app/controllers/users_controller.rb:6:in `index'
Completed 200 OK in 3ms (Views: 1.4ms | ActiveRecord: 0.2ms | Allocations: 1252)


  [1m[35m (8.4ms)[0m  [1m[35mCREATE TABLE "schema_migrations" ("version" character varying NOT NULL PRIMARY KEY)[0m
  [1m[35m (3.9ms)[0m  [1m[35mCREATE TABLE "ar_internal_metadata" ("key" character varying NOT NULL PRIMARY KEY, "value" character varying, "created_at" timestamp(6) NOT NULL, "updated_at" timestamp(6) NOT NULL)[0m
  [1m[35m (0.2ms)[0m  [1m[34mSELECT pg_try_advisory_lock(7624278407833440675)[0m
  [1m[36mActiveRecord::SchemaMigration Pluck (0.4ms)[0m  [1m[34mSELECT "schema_migrations"."version" FROM "schema_migrations" ORDER BY "schema_migrations"."version" ASC[0m
Migrating to CreateUsers (20230927191600)
  [1m[36mTRANSACTION (0.1ms)[0m  [1m[35mBEGIN[0m
  [1m[35m (5.4ms)[0m  [1m[35mCREATE TABLE "users" ("id" bigserial primary key, "username" character varying NOT NULL, "email" character varying NOT NULL, "created_at" timestamp(6) NOT NULL, "updated_at" timestamp(6) NOT NULL)[0m
  [1m[35m (1.0ms)[0m  [1m[35mCREATE UNIQUE INDEX "index_users_on_username" ON "users" ("username")[0m
  [1m[35m (0.9ms)[0m  [1m[35mCREATE UNIQUE INDEX "index_users_on_email" ON "users" ("email")[0m
  [1m[36mActiveRecord::SchemaMigration Create (0.4ms)[0m  [1m[32mINSERT INTO "schema_migrations" ("version") VALUES ($1) RETURNING "version"[0m  [["version", "20230927191600"]]
  [1m[36mTRANSACTION (0.8ms)[0m  [1m[35mCOMMIT[0m
Migrating to ChangeUsers (20230927200205)
  [1m[36mTRANSACTION (1.3ms)[0m  [1m[35mBEGIN[0m
  [1m[35m (1.3ms)[0m  [1m[35mALTER TABLE "users" DROP COLUMN "email"[0m
  [1m[36mActiveRecord::SchemaMigration Create (0.3ms)[0m  [1m[32mINSERT INTO "schema_migrations" ("version") VALUES ($1) RETURNING "version"[0m  [["version", "20230927200205"]]
  [1m[36mTRANSACTION (1.5ms)[0m  [1m[35mCOMMIT[0m
  [1m[36mActiveRecord::InternalMetadata Load (0.8ms)[0m  [1m[34mSELECT "ar_internal_metadata".* FROM "ar_internal_metadata" WHERE "ar_internal_metadata"."key" = $1 LIMIT $2[0m  [["key", "environment"], ["LIMIT", 1]]
  [1m[36mTRANSACTION (1.0ms)[0m  [1m[35mBEGIN[0m
  [1m[36mActiveRecord::InternalMetadata Create (0.7ms)[0m  [1m[32mINSERT INTO "ar_internal_metadata" ("key", "value", "created_at", "updated_at") VALUES ($1, $2, $3, $4) RETURNING "key"[0m  [["key", "environment"], ["value", "development"], ["created_at", "2023-09-27 20:03:20.500144"], ["updated_at", "2023-09-27 20:03:20.500144"]]
  [1m[36mTRANSACTION (0.3ms)[0m  [1m[35mCOMMIT[0m
  [1m[35m (0.3ms)[0m  [1m[34mSELECT pg_advisory_unlock(7624278407833440675)[0m
  [1m[36mActiveRecord::SchemaMigration Pluck (0.3ms)[0m  [1m[34mSELECT "schema_migrations"."version" FROM "schema_migrations" ORDER BY "schema_migrations"."version" ASC[0m
  [1m[35m (0.2ms)[0m  [1m[34mSELECT pg_try_advisory_lock(7624278407833440675)[0m
  [1m[36mActiveRecord::SchemaMigration Pluck (0.7ms)[0m  [1m[34mSELECT "schema_migrations"."version" FROM "schema_migrations" ORDER BY "schema_migrations"."version" ASC[0m
Migrating to CreateArtworks (20230927200406)
  [1m[36mTRANSACTION (0.1ms)[0m  [1m[35mBEGIN[0m
  [1m[35m (8.6ms)[0m  [1m[35mCREATE TABLE "artworks" ("id" bigserial primary key, "title" character varying NOT NULL, "image_url" character varying NOT NULL, "artist_id" bigint NOT NULL, "created_at" timestamp(6) NOT NULL, "updated_at" timestamp(6) NOT NULL, CONSTRAINT "fk_rails_61f542e710"
FOREIGN KEY ("artist_id")
  REFERENCES "users" ("id")
)[0m
  [1m[35m (0.8ms)[0m  [1m[35mCREATE INDEX "index_artworks_on_artist_id" ON "artworks" ("artist_id")[0m
  [1m[36mActiveRecord::SchemaMigration Create (0.3ms)[0m  [1m[32mINSERT INTO "schema_migrations" ("version") VALUES ($1) RETURNING "version"[0m  [["version", "20230927200406"]]
  [1m[36mTRANSACTION (0.7ms)[0m  [1m[35mCOMMIT[0m
  [1m[36mActiveRecord::InternalMetadata Load (1.2ms)[0m  [1m[34mSELECT "ar_internal_metadata".* FROM "ar_internal_metadata" WHERE "ar_internal_metadata"."key" = $1 LIMIT $2[0m  [["key", "environment"], ["LIMIT", 1]]
  [1m[35m (0.3ms)[0m  [1m[34mSELECT pg_advisory_unlock(7624278407833440675)[0m
  [1m[36mActiveRecord::SchemaMigration Pluck (1.0ms)[0m  [1m[34mSELECT "schema_migrations"."version" FROM "schema_migrations" ORDER BY "schema_migrations"."version" ASC[0m
  [1m[36mActiveRecord::SchemaMigration Pluck (0.7ms)[0m  [1m[34mSELECT "schema_migrations"."version" FROM "schema_migrations" ORDER BY "schema_migrations"."version" ASC[0m
  [1m[35m (0.2ms)[0m  [1m[34mSELECT pg_try_advisory_lock(7624278407833440675)[0m
  [1m[36mActiveRecord::SchemaMigration Pluck (0.7ms)[0m  [1m[34mSELECT "schema_migrations"."version" FROM "schema_migrations" ORDER BY "schema_migrations"."version" ASC[0m
Migrating to CreateArtworkShare (20230927201436)
  [1m[36mTRANSACTION (0.1ms)[0m  [1m[35mBEGIN[0m
  [1m[35m (6.9ms)[0m  [1m[35mCREATE TABLE "artwork_shares" ("id" bigserial primary key, "artwork_id" bigint NOT NULL, "viewer_id" bigint NOT NULL, "created_at" timestamp(6) NOT NULL, "updated_at" timestamp(6) NOT NULL, CONSTRAINT "fk_rails_f5efbe8cf6"
FOREIGN KEY ("artwork_id")
  REFERENCES "artworks" ("id")
, CONSTRAINT "fk_rails_abdcd9d49f"
FOREIGN KEY ("viewer_id")
  REFERENCES "users" ("id")
)[0m
  [1m[35m (1.1ms)[0m  [1m[35mCREATE INDEX "index_artwork_shares_on_artwork_id" ON "artwork_shares" ("artwork_id")[0m
  [1m[35m (1.1ms)[0m  [1m[35mCREATE INDEX "index_artwork_shares_on_viewer_id" ON "artwork_shares" ("viewer_id")[0m
  [1m[36mActiveRecord::SchemaMigration Create (0.2ms)[0m  [1m[32mINSERT INTO "schema_migrations" ("version") VALUES ($1) RETURNING "version"[0m  [["version", "20230927201436"]]
  [1m[36mTRANSACTION (0.6ms)[0m  [1m[35mCOMMIT[0m
  [1m[36mActiveRecord::InternalMetadata Load (0.6ms)[0m  [1m[34mSELECT "ar_internal_metadata".* FROM "ar_internal_metadata" WHERE "ar_internal_metadata"."key" = $1 LIMIT $2[0m  [["key", "environment"], ["LIMIT", 1]]
  [1m[35m (0.4ms)[0m  [1m[34mSELECT pg_advisory_unlock(7624278407833440675)[0m
  [1m[36mActiveRecord::SchemaMigration Pluck (1.2ms)[0m  [1m[34mSELECT "schema_migrations"."version" FROM "schema_migrations" ORDER BY "schema_migrations"."version" ASC[0m
  [1m[36mActiveRecord::SchemaMigration Pluck (0.9ms)[0m  [1m[34mSELECT "schema_migrations"."version" FROM "schema_migrations" ORDER BY "schema_migrations"."version" ASC[0m
Started POST "/users" for ::1 at 2023-09-27 16:55:35 -0400
  [1m[36mActiveRecord::SchemaMigration Pluck (0.6ms)[0m  [1m[34mSELECT "schema_migrations"."version" FROM "schema_migrations" ORDER BY "schema_migrations"."version" ASC[0m
  [1m[36mCACHE ActiveRecord::SchemaMigration Pluck (0.0ms)[0m  [1m[34mSELECT "schema_migrations"."version" FROM "schema_migrations" ORDER BY "schema_migrations"."version" ASC[0m
  
ActiveRecord::PendingMigrationError (

Migrations are pending. To resolve this issue, run:

        bin/rails db:migrate RAILS_ENV=development

You have 3 pending migrations:

20230927200205_change_users.rb
20230927200406_create_artworks.rb
20230927201436_create_artwork_share.rb


):
  
activerecord (7.0.8) lib/active_record/migration.rb:662:in `check_pending!'
activerecord (7.0.8) lib/active_record/migration.rb:627:in `block (2 levels) in call'
activesupport (7.0.8) lib/active_support/file_update_checker.rb:83:in `execute'
activerecord (7.0.8) lib/active_record/migration.rb:632:in `block in call'
activerecord (7.0.8) lib/active_record/migration.rb:624:in `synchronize'
activerecord (7.0.8) lib/active_record/migration.rb:624:in `call'
actionpack (7.0.8) lib/action_dispatch/middleware/callbacks.rb:27:in `block in call'
activesupport (7.0.8) lib/active_support/callbacks.rb:99:in `run_callbacks'
actionpack (7.0.8) lib/action_dispatch/middleware/callbacks.rb:26:in `call'
actionpack (7.0.8) lib/action_dispatch/middleware/executor.rb:14:in `call'
actionpack (7.0.8) lib/action_dispatch/middleware/actionable_exceptions.rb:17:in `call'
actionpack (7.0.8) lib/action_dispatch/middleware/debug_exceptions.rb:28:in `call'
web-console (4.2.1) lib/web_console/middleware.rb:132:in `call_app'
web-console (4.2.1) lib/web_console/middleware.rb:28:in `block in call'
web-console (4.2.1) lib/web_console/middleware.rb:17:in `catch'
web-console (4.2.1) lib/web_console/middleware.rb:17:in `call'
actionpack (7.0.8) lib/action_dispatch/middleware/show_exceptions.rb:29:in `call'
railties (7.0.8) lib/rails/rack/logger.rb:40:in `call_app'
railties (7.0.8) lib/rails/rack/logger.rb:25:in `block in call'
activesupport (7.0.8) lib/active_support/tagged_logging.rb:99:in `block in tagged'
activesupport (7.0.8) lib/active_support/tagged_logging.rb:37:in `tagged'
activesupport (7.0.8) lib/active_support/tagged_logging.rb:99:in `tagged'
railties (7.0.8) lib/rails/rack/logger.rb:25:in `call'
sprockets-rails (3.4.2) lib/sprockets/rails/quiet_assets.rb:13:in `call'
actionpack (7.0.8) lib/action_dispatch/middleware/remote_ip.rb:93:in `call'
actionpack (7.0.8) lib/action_dispatch/middleware/request_id.rb:26:in `call'
rack (2.2.8) lib/rack/method_override.rb:24:in `call'
rack (2.2.8) lib/rack/runtime.rb:22:in `call'
activesupport (7.0.8) lib/active_support/cache/strategy/local_cache_middleware.rb:29:in `call'
actionpack (7.0.8) lib/action_dispatch/middleware/server_timing.rb:61:in `block in call'
actionpack (7.0.8) lib/action_dispatch/middleware/server_timing.rb:26:in `collect_events'
actionpack (7.0.8) lib/action_dispatch/middleware/server_timing.rb:60:in `call'
actionpack (7.0.8) lib/action_dispatch/middleware/executor.rb:14:in `call'
actionpack (7.0.8) lib/action_dispatch/middleware/static.rb:23:in `call'
rack (2.2.8) lib/rack/sendfile.rb:110:in `call'
actionpack (7.0.8) lib/action_dispatch/middleware/host_authorization.rb:138:in `call'
railties (7.0.8) lib/rails/engine.rb:530:in `call'
puma (5.6.7) lib/puma/configuration.rb:252:in `call'
puma (5.6.7) lib/puma/request.rb:77:in `block in handle_request'
puma (5.6.7) lib/puma/thread_pool.rb:340:in `with_force_shutdown'
puma (5.6.7) lib/puma/request.rb:76:in `handle_request'
puma (5.6.7) lib/puma/server.rb:443:in `process_client'
puma (5.6.7) lib/puma/thread_pool.rb:147:in `block in spawn_thread'
  [1m[35m (0.1ms)[0m  [1m[34mSELECT pg_try_advisory_lock(7624278407833440675)[0m
  [1m[36mActiveRecord::SchemaMigration Pluck (0.3ms)[0m  [1m[34mSELECT "schema_migrations"."version" FROM "schema_migrations" ORDER BY "schema_migrations"."version" ASC[0m
Migrating to ChangeUsers (20230927200205)
  [1m[36mTRANSACTION (0.1ms)[0m  [1m[35mBEGIN[0m
  [1m[35m (3.6ms)[0m  [1m[35mALTER TABLE "users" DROP COLUMN "email"[0m
  [1m[36mActiveRecord::SchemaMigration Create (0.7ms)[0m  [1m[32mINSERT INTO "schema_migrations" ("version") VALUES ($1) RETURNING "version"[0m  [["version", "20230927200205"]]
  [1m[36mTRANSACTION (2.7ms)[0m  [1m[35mCOMMIT[0m
Migrating to CreateArtworks (20230927200406)
  [1m[36mTRANSACTION (0.1ms)[0m  [1m[35mBEGIN[0m
  [1m[35m (6.4ms)[0m  [1m[35mCREATE TABLE "artworks" ("id" bigserial primary key, "title" character varying NOT NULL, "image_url" character varying NOT NULL, "artist_id" bigint NOT NULL, "created_at" timestamp(6) NOT NULL, "updated_at" timestamp(6) NOT NULL, CONSTRAINT "fk_rails_61f542e710"
FOREIGN KEY ("artist_id")
  REFERENCES "users" ("id")
)[0m
  [1m[35m (0.8ms)[0m  [1m[35mCREATE INDEX "index_artworks_on_artist_id" ON "artworks" ("artist_id")[0m
  [1m[36mActiveRecord::SchemaMigration Create (0.2ms)[0m  [1m[32mINSERT INTO "schema_migrations" ("version") VALUES ($1) RETURNING "version"[0m  [["version", "20230927200406"]]
  [1m[36mTRANSACTION (0.4ms)[0m  [1m[35mCOMMIT[0m
Migrating to CreateArtworkShare (20230927201436)
  [1m[36mTRANSACTION (0.2ms)[0m  [1m[35mBEGIN[0m
  [1m[35m (2.3ms)[0m  [1m[35mCREATE TABLE "artwork_shares" ("id" bigserial primary key, "artwork_id" bigint NOT NULL, "viewer_id" bigint NOT NULL, "created_at" timestamp(6) NOT NULL, "updated_at" timestamp(6) NOT NULL, CONSTRAINT "fk_rails_f5efbe8cf6"
FOREIGN KEY ("artwork_id")
  REFERENCES "artworks" ("id")
, CONSTRAINT "fk_rails_abdcd9d49f"
FOREIGN KEY ("viewer_id")
  REFERENCES "users" ("id")
)[0m
  [1m[35m (0.9ms)[0m  [1m[35mCREATE INDEX "index_artwork_shares_on_artwork_id" ON "artwork_shares" ("artwork_id")[0m
  [1m[35m (0.8ms)[0m  [1m[35mCREATE INDEX "index_artwork_shares_on_viewer_id" ON "artwork_shares" ("viewer_id")[0m
  [1m[36mActiveRecord::SchemaMigration Create (0.2ms)[0m  [1m[32mINSERT INTO "schema_migrations" ("version") VALUES ($1) RETURNING "version"[0m  [["version", "20230927201436"]]
  [1m[36mTRANSACTION (0.6ms)[0m  [1m[35mCOMMIT[0m
  [1m[36mActiveRecord::InternalMetadata Load (0.6ms)[0m  [1m[34mSELECT "ar_internal_metadata".* FROM "ar_internal_metadata" WHERE "ar_internal_metadata"."key" = $1 LIMIT $2[0m  [["key", "environment"], ["LIMIT", 1]]
  [1m[35m (0.3ms)[0m  [1m[34mSELECT pg_advisory_unlock(7624278407833440675)[0m
  [1m[36mActiveRecord::SchemaMigration Pluck (0.8ms)[0m  [1m[34mSELECT "schema_migrations"."version" FROM "schema_migrations" ORDER BY "schema_migrations"."version" ASC[0m
Started POST "/users" for ::1 at 2023-09-27 16:56:07 -0400
  [1m[36mActiveRecord::SchemaMigration Pluck (0.5ms)[0m  [1m[34mSELECT "schema_migrations"."version" FROM "schema_migrations" ORDER BY "schema_migrations"."version" ASC[0m
Processing by UsersController#create as */*
  Parameters: {"user"=>{"username"=>"rob", "email"=>"rob@gmail.com"}}
[31mUnpermitted parameter: :email. Context: { controller: UsersController, action: create, request: #<ActionDispatch::Request:0x000000010d8cfe70>, params: {"user"=>{"username"=>"rob", "email"=>"rob@gmail.com"}, "controller"=>"users", "action"=>"create"} }[0m
  [1m[36mTRANSACTION (0.1ms)[0m  [1m[35mBEGIN[0m
  ↳ app/controllers/users_controller.rb:25:in `create'
  [1m[36mUser Exists? (0.6ms)[0m  [1m[34mSELECT 1 AS one FROM "users" WHERE "users"."username" = $1 LIMIT $2[0m  [["username", "rob"], ["LIMIT", 1]]
  ↳ app/controllers/users_controller.rb:25:in `create'
  [1m[36mTRANSACTION (0.1ms)[0m  [1m[31mROLLBACK[0m
  ↳ app/controllers/users_controller.rb:25:in `create'
Completed 500 Internal Server Error in 25ms (ActiveRecord: 4.1ms | Allocations: 13554)


  
ArgumentError ('"Username has already been taken"' is not an ActiveModel-compatible object. It must implement :to_partial_path.):
  
app/controllers/users_controller.rb:29:in `create'
Started GET "/users" for ::1 at 2023-09-27 16:56:18 -0400
Processing by UsersController#index as */*
  Parameters: {"user"=>{"username"=>"rob", "email"=>"rob@gmail.com"}}
  [1m[36mUser Load (0.3ms)[0m  [1m[34mSELECT "users".* FROM "users"[0m
  ↳ app/controllers/users_controller.rb:6:in `index'
Completed 200 OK in 3ms (Views: 2.5ms | ActiveRecord: 0.3ms | Allocations: 1356)


Started GET "/users" for ::1 at 2023-09-27 17:04:28 -0400
Processing by UsersController#index as */*
  Parameters: {"user"=>{"username"=>"rob"}}
  [1m[36mUser Load (0.6ms)[0m  [1m[34mSELECT "users".* FROM "users"[0m
  ↳ app/controllers/users_controller.rb:6:in `index'
Completed 200 OK in 14ms (Views: 8.0ms | ActiveRecord: 5.3ms | Allocations: 3870)


Started GET "/users/1" for ::1 at 2023-09-27 17:04:40 -0400
Processing by UsersController#show as */*
  Parameters: {"user"=>{"username"=>"rob"}, "id"=>"1"}
  [1m[36mUser Load (0.2ms)[0m  [1m[34mSELECT "users".* FROM "users" WHERE "users"."id" = $1 LIMIT $2[0m  [["id", 1], ["LIMIT", 1]]
  ↳ app/controllers/users_controller.rb:13:in `show'
Completed 200 OK in 2ms (Views: 0.2ms | ActiveRecord: 0.3ms | Allocations: 1426)


Started PATCH "/users/2" for ::1 at 2023-09-27 17:20:20 -0400
  [1m[36mActiveRecord::SchemaMigration Pluck (0.6ms)[0m  [1m[34mSELECT "schema_migrations"."version" FROM "schema_migrations" ORDER BY "schema_migrations"."version" ASC[0m
Processing by UsersController#update as */*
  Parameters: {"user"=>{"[username["=>"hhhhhhh"}, "id"=>"2"}
  [1m[36mUser Load (0.9ms)[0m  [1m[34mSELECT "users".* FROM "users" WHERE "users"."id" = $1 LIMIT $2[0m  [["id", 2], ["LIMIT", 1]]
  ↳ app/controllers/users_controller.rb:39:in `update'
Completed 404 Not Found in 16ms (ActiveRecord: 7.7ms | Allocations: 6940)


  
ActiveRecord::RecordNotFound (Couldn't find User with 'id'=2):
  
app/controllers/users_controller.rb:39:in `update'
Started GET "/users" for ::1 at 2023-09-27 17:20:27 -0400
Processing by UsersController#index as */*
  Parameters: {"user"=>{"[username["=>"hhhhhhh"}}
  [1m[36mUser Load (0.3ms)[0m  [1m[34mSELECT "users".* FROM "users"[0m
  ↳ app/controllers/users_controller.rb:6:in `index'
Completed 200 OK in 6ms (Views: 5.1ms | ActiveRecord: 0.3ms | Allocations: 1017)


Started POST "/users" for ::1 at 2023-09-27 17:20:39 -0400
Processing by UsersController#create as */*
  Parameters: {"user"=>{"[username["=>"hhhhhhh"}}
[31mUnpermitted parameter: :[username[. Context: { controller: UsersController, action: create, request: #<ActionDispatch::Request:0x000000010c2cd500>, params: {"user"=>{"[username["=>"hhhhhhh"}, "controller"=>"users", "action"=>"create"} }[0m
  [1m[36mTRANSACTION (0.1ms)[0m  [1m[35mBEGIN[0m
  ↳ app/controllers/users_controller.rb:25:in `create'
  [1m[36mUser Exists? (0.2ms)[0m  [1m[34mSELECT 1 AS one FROM "users" WHERE "users"."username" IS NULL LIMIT $1[0m  [["LIMIT", 1]]
  ↳ app/controllers/users_controller.rb:25:in `create'
  [1m[36mTRANSACTION (0.1ms)[0m  [1m[31mROLLBACK[0m
  ↳ app/controllers/users_controller.rb:25:in `create'
Completed 500 Internal Server Error in 6ms (ActiveRecord: 0.4ms | Allocations: 6944)


  
ArgumentError ('"Username can't be blank"' is not an ActiveModel-compatible object. It must implement :to_partial_path.):
  
app/controllers/users_controller.rb:29:in `create'
Started POST "/users" for ::1 at 2023-09-27 17:20:45 -0400
Processing by UsersController#create as */*
  Parameters: {"user"=>{"username"=>"hhhhhhh"}}
  [1m[36mTRANSACTION (0.1ms)[0m  [1m[35mBEGIN[0m
  ↳ app/controllers/users_controller.rb:25:in `create'
  [1m[36mUser Exists? (0.7ms)[0m  [1m[34mSELECT 1 AS one FROM "users" WHERE "users"."username" = $1 LIMIT $2[0m  [["username", "hhhhhhh"], ["LIMIT", 1]]
  ↳ app/controllers/users_controller.rb:25:in `create'
  [1m[36mUser Create (3.0ms)[0m  [1m[32mINSERT INTO "users" ("username", "created_at", "updated_at") VALUES ($1, $2, $3) RETURNING "id"[0m  [["username", "hhhhhhh"], ["created_at", "2023-09-27 21:20:45.909542"], ["updated_at", "2023-09-27 21:20:45.909542"]]
  ↳ app/controllers/users_controller.rb:25:in `create'
  [1m[36mTRANSACTION (0.5ms)[0m  [1m[35mCOMMIT[0m
  ↳ app/controllers/users_controller.rb:25:in `create'
Redirected to http://localhost:3000/users.1
Completed 302 Found in 21ms (ActiveRecord: 4.3ms | Allocations: 4226)


Started GET "/users.1" for ::1 at 2023-09-27 17:20:45 -0400
Processing by UsersController#index as */*
  [1m[36mUser Load (0.3ms)[0m  [1m[34mSELECT "users".* FROM "users"[0m
  ↳ app/controllers/users_controller.rb:6:in `index'
Completed 200 OK in 2ms (Views: 1.1ms | ActiveRecord: 0.3ms | Allocations: 923)


Started PATCH "/users/1" for ::1 at 2023-09-27 17:20:56 -0400
Processing by UsersController#update as */*
  Parameters: {"user"=>{"username"=>"Rob"}, "id"=>"1"}
  [1m[36mUser Load (0.3ms)[0m  [1m[34mSELECT "users".* FROM "users" WHERE "users"."id" = $1 LIMIT $2[0m  [["id", 1], ["LIMIT", 1]]
  ↳ app/controllers/users_controller.rb:39:in `update'
  [1m[36mTRANSACTION (0.1ms)[0m  [1m[35mBEGIN[0m
  ↳ app/controllers/users_controller.rb:40:in `update'
  [1m[36mUser Exists? (0.4ms)[0m  [1m[34mSELECT 1 AS one FROM "users" WHERE "users"."username" = $1 AND "users"."id" != $2 LIMIT $3[0m  [["username", "Rob"], ["id", 1], ["LIMIT", 1]]
  ↳ app/controllers/users_controller.rb:40:in `update'
  [1m[36mUser Update (0.5ms)[0m  [1m[33mUPDATE "users" SET "username" = $1, "updated_at" = $2 WHERE "users"."id" = $3[0m  [["username", "Rob"], ["updated_at", "2023-09-27 21:20:56.678118"], ["id", 1]]
  ↳ app/controllers/users_controller.rb:40:in `update'
  [1m[36mTRANSACTION (0.6ms)[0m  [1m[35mCOMMIT[0m
  ↳ app/controllers/users_controller.rb:40:in `update'
Redirected to http://localhost:3000/users/1
Completed 302 Found in 9ms (ActiveRecord: 1.9ms | Allocations: 3693)


Started GET "/users/1" for ::1 at 2023-09-27 17:20:56 -0400
Processing by UsersController#show as */*
  Parameters: {"id"=>"1"}
  [1m[36mUser Load (0.3ms)[0m  [1m[34mSELECT "users".* FROM "users" WHERE "users"."id" = $1 LIMIT $2[0m  [["id", 1], ["LIMIT", 1]]
  ↳ app/controllers/users_controller.rb:13:in `show'
Completed 200 OK in 2ms (Views: 0.2ms | ActiveRecord: 0.3ms | Allocations: 664)


Started POST "/artworks" for ::1 at 2023-09-27 17:22:16 -0400
Processing by ArtworksController#create as */*
  Parameters: {"artworks"=>{"title"=>"hi", "image_url"=>"https://pyxis.nymag.com/v1/imgs/55c/50d/92b3f892b6d460f9f0fcd90b30a4f57d22-10-momo.rsquare.w330.jpg", "artist_id"=>"1"}}
Completed 500 Internal Server Error in 11ms (ActiveRecord: 0.0ms | Allocations: 5024)


  
NameError (undefined local variable or method `user_params' for #<ArtworksController:0x0000000000bab8>

        artworks = Artwork.new(user_params)
                               ^^^^^^^^^^^
Did you mean?  user_path):
  
app/controllers/artworks_controller.rb:23:in `create'
Started POST "/artworks" for ::1 at 2023-09-27 17:23:20 -0400
Processing by ArtworksController#create as */*
  Parameters: {"artworks"=>{"title"=>"hi", "image_url"=>"https://pyxis.nymag.com/v1/imgs/55c/50d/92b3f892b6d460f9f0fcd90b30a4f57d22-10-momo.rsquare.w330.jpg", "artist_id"=>"1"}}
  [1m[36mTRANSACTION (0.1ms)[0m  [1m[35mBEGIN[0m
  ↳ app/controllers/artworks_controller.rb:25:in `create'
  [1m[36mArtwork Exists? (1.1ms)[0m  [1m[34mSELECT 1 AS one FROM "artworks" WHERE "artworks"."title" = $1 LIMIT $2[0m  [["title", "hi"], ["LIMIT", 1]]
  ↳ app/controllers/artworks_controller.rb:25:in `create'
  [1m[36mArtwork Exists? (0.1ms)[0m  [1m[34mSELECT 1 AS one FROM "artworks" WHERE "artworks"."image_url" = $1 LIMIT $2[0m  [["image_url", "https://pyxis.nymag.com/v1/imgs/55c/50d/92b3f892b6d460f9f0fcd90b30a4f57d22-10-momo.rsquare.w330.jpg"], ["LIMIT", 1]]
  ↳ app/controllers/artworks_controller.rb:25:in `create'
  [1m[36mArtwork Exists? (0.2ms)[0m  [1m[34mSELECT 1 AS one FROM "artworks" WHERE "artworks"."artist_id" = $1 LIMIT $2[0m  [["artist_id", 1], ["LIMIT", 1]]
  ↳ app/controllers/artworks_controller.rb:25:in `create'
  [1m[36mUser Load (0.2ms)[0m  [1m[34mSELECT "users".* FROM "users" WHERE "users"."id" = $1 LIMIT $2[0m  [["id", 1], ["LIMIT", 1]]
  ↳ app/controllers/artworks_controller.rb:25:in `create'
  [1m[36mArtwork Create (1.3ms)[0m  [1m[32mINSERT INTO "artworks" ("title", "image_url", "artist_id", "created_at", "updated_at") VALUES ($1, $2, $3, $4, $5) RETURNING "id"[0m  [["title", "hi"], ["image_url", "https://pyxis.nymag.com/v1/imgs/55c/50d/92b3f892b6d460f9f0fcd90b30a4f57d22-10-momo.rsquare.w330.jpg"], ["artist_id", 1], ["created_at", "2023-09-27 21:23:20.593989"], ["updated_at", "2023-09-27 21:23:20.593989"]]
  ↳ app/controllers/artworks_controller.rb:25:in `create'
  [1m[36mTRANSACTION (0.4ms)[0m  [1m[35mCOMMIT[0m
  ↳ app/controllers/artworks_controller.rb:25:in `create'
Redirected to http://localhost:3000/users.1
Completed 302 Found in 32ms (ActiveRecord: 12.2ms | Allocations: 16564)


Started GET "/users.1" for ::1 at 2023-09-27 17:23:20 -0400
Processing by UsersController#index as */*
  [1m[36mUser Load (0.3ms)[0m  [1m[34mSELECT "users".* FROM "users"[0m
  ↳ app/controllers/users_controller.rb:6:in `index'
Completed 200 OK in 2ms (Views: 0.9ms | ActiveRecord: 0.3ms | Allocations: 1072)


Started POST "/artworks" for ::1 at 2023-09-27 17:23:57 -0400
Processing by ArtworksController#create as */*
  Parameters: {"artworks"=>{"title"=>"boo", "image_url"=>"https://splicetoday.imgix.net/uploads/posts/photos/26341/rsz_screen_shot_2020-04-01_at_81155_pm.png?ixlib=rails-2.1.4&w=1200&h=630&s=87c3ecc79d44cfa63ff68ecfdd645b87", "artist_id"=>"1"}}
Completed 500 Internal Server Error in 14ms (ActiveRecord: 4.1ms | Allocations: 6879)


  
NameError (undefined local variable or method `artworks' for #<ArtworksController:0x00000000014578>

        if artworks.save
           ^^^^^^^^
Did you mean?  artwork):
  
app/controllers/artworks_controller.rb:25:in `create'
Started POST "/artworks" for ::1 at 2023-09-27 17:24:05 -0400
Processing by ArtworksController#create as */*
  Parameters: {"artworks"=>{"title"=>"boo", "image_url"=>"https://splicetoday.imgix.net/uploads/posts/photos/26341/rsz_screen_shot_2020-04-01_at_81155_pm.png?ixlib=rails-2.1.4&w=1200&h=630&s=87c3ecc79d44cfa63ff68ecfdd645b87", "artist_id"=>"1"}}
  [1m[36mTRANSACTION (0.1ms)[0m  [1m[35mBEGIN[0m
  ↳ app/controllers/artworks_controller.rb:25:in `create'
  [1m[36mArtwork Exists? (0.5ms)[0m  [1m[34mSELECT 1 AS one FROM "artworks" WHERE "artworks"."title" = $1 LIMIT $2[0m  [["title", "boo"], ["LIMIT", 1]]
  ↳ app/controllers/artworks_controller.rb:25:in `create'
  [1m[36mArtwork Exists? (0.6ms)[0m  [1m[34mSELECT 1 AS one FROM "artworks" WHERE "artworks"."image_url" = $1 LIMIT $2[0m  [["image_url", "https://splicetoday.imgix.net/uploads/posts/photos/26341/rsz_screen_shot_2020-04-01_at_81155_pm.png?ixlib=rails-2.1.4&w=1200&h=630&s=87c3ecc79d44cfa63ff68ecfdd645b87"], ["LIMIT", 1]]
  ↳ app/controllers/artworks_controller.rb:25:in `create'
  [1m[36mArtwork Exists? (1.3ms)[0m  [1m[34mSELECT 1 AS one FROM "artworks" WHERE "artworks"."artist_id" = $1 LIMIT $2[0m  [["artist_id", 1], ["LIMIT", 1]]
  ↳ app/controllers/artworks_controller.rb:25:in `create'
  [1m[36mUser Load (0.1ms)[0m  [1m[34mSELECT "users".* FROM "users" WHERE "users"."id" = $1 LIMIT $2[0m  [["id", 1], ["LIMIT", 1]]
  ↳ app/controllers/artworks_controller.rb:25:in `create'
  [1m[36mTRANSACTION (0.1ms)[0m  [1m[31mROLLBACK[0m
  ↳ app/controllers/artworks_controller.rb:25:in `create'
Completed 500 Internal Server Error in 28ms (ActiveRecord: 11.7ms | Allocations: 16078)


  
NameError (undefined local variable or method `artworks' for #<ArtworksController:0x00000000018cb8>

            render artworks.errors.full_messages, status: 422
                   ^^^^^^^^
Did you mean?  artwork):
  
app/controllers/artworks_controller.rb:29:in `create'
Started POST "/artworks" for ::1 at 2023-09-27 17:24:13 -0400
Processing by ArtworksController#create as */*
  Parameters: {"artworks"=>{"title"=>"boo", "image_url"=>"https://splicetoday.imgix.net/uploads/posts/photos/26341/rsz_screen_shot_2020-04-01_at_81155_pm.png?ixlib=rails-2.1.4&w=1200&h=630&s=87c3ecc79d44cfa63ff68ecfdd645b87", "artist_id"=>"1"}}
  [1m[36mTRANSACTION (0.1ms)[0m  [1m[35mBEGIN[0m
  ↳ app/controllers/artworks_controller.rb:25:in `create'
  [1m[36mArtwork Exists? (0.3ms)[0m  [1m[34mSELECT 1 AS one FROM "artworks" WHERE "artworks"."title" = $1 LIMIT $2[0m  [["title", "boo"], ["LIMIT", 1]]
  ↳ app/controllers/artworks_controller.rb:25:in `create'
  [1m[36mArtwork Exists? (0.1ms)[0m  [1m[34mSELECT 1 AS one FROM "artworks" WHERE "artworks"."image_url" = $1 LIMIT $2[0m  [["image_url", "https://splicetoday.imgix.net/uploads/posts/photos/26341/rsz_screen_shot_2020-04-01_at_81155_pm.png?ixlib=rails-2.1.4&w=1200&h=630&s=87c3ecc79d44cfa63ff68ecfdd645b87"], ["LIMIT", 1]]
  ↳ app/controllers/artworks_controller.rb:25:in `create'
  [1m[36mArtwork Exists? (0.2ms)[0m  [1m[34mSELECT 1 AS one FROM "artworks" WHERE "artworks"."artist_id" = $1 LIMIT $2[0m  [["artist_id", 1], ["LIMIT", 1]]
  ↳ app/controllers/artworks_controller.rb:25:in `create'
  [1m[36mUser Load (0.2ms)[0m  [1m[34mSELECT "users".* FROM "users" WHERE "users"."id" = $1 LIMIT $2[0m  [["id", 1], ["LIMIT", 1]]
  ↳ app/controllers/artworks_controller.rb:25:in `create'
  [1m[36mTRANSACTION (0.2ms)[0m  [1m[31mROLLBACK[0m
  ↳ app/controllers/artworks_controller.rb:25:in `create'
Completed 500 Internal Server Error in 22ms (ActiveRecord: 9.8ms | Allocations: 13854)


  
ArgumentError ('"Artist has already been taken"' is not an ActiveModel-compatible object. It must implement :to_partial_path.):
  
app/controllers/artworks_controller.rb:29:in `create'
Started POST "/users" for ::1 at 2023-09-27 17:24:44 -0400
Processing by UsersController#create as */*
  Parameters: {"users"=>{"username"=>"boo"}}
Completed 400 Bad Request in 0ms (ActiveRecord: 0.0ms | Allocations: 524)


  
ActionController::ParameterMissing (param is missing or the value is empty: user
Did you mean?  users):
  
app/controllers/users_controller.rb:61:in `user_params'
app/controllers/users_controller.rb:23:in `create'
Started POST "/users" for ::1 at 2023-09-27 17:25:02 -0400
Processing by UsersController#create as */*
  Parameters: {"user"=>{"username"=>"boo"}}
  [1m[36mTRANSACTION (0.1ms)[0m  [1m[35mBEGIN[0m
  ↳ app/controllers/users_controller.rb:25:in `create'
  [1m[36mUser Exists? (1.0ms)[0m  [1m[34mSELECT 1 AS one FROM "users" WHERE "users"."username" = $1 LIMIT $2[0m  [["username", "boo"], ["LIMIT", 1]]
  ↳ app/controllers/users_controller.rb:25:in `create'
  [1m[36mUser Create (0.3ms)[0m  [1m[32mINSERT INTO "users" ("username", "created_at", "updated_at") VALUES ($1, $2, $3) RETURNING "id"[0m  [["username", "boo"], ["created_at", "2023-09-27 21:25:02.620871"], ["updated_at", "2023-09-27 21:25:02.620871"]]
  ↳ app/controllers/users_controller.rb:25:in `create'
  [1m[36mTRANSACTION (1.1ms)[0m  [1m[35mCOMMIT[0m
  ↳ app/controllers/users_controller.rb:25:in `create'
Redirected to http://localhost:3000/users.2
Completed 302 Found in 9ms (ActiveRecord: 2.5ms | Allocations: 3419)


Started GET "/users.2" for ::1 at 2023-09-27 17:25:02 -0400
Processing by UsersController#index as */*
  [1m[36mUser Load (0.3ms)[0m  [1m[34mSELECT "users".* FROM "users"[0m
  ↳ app/controllers/users_controller.rb:6:in `index'
Completed 200 OK in 2ms (Views: 1.3ms | ActiveRecord: 0.3ms | Allocations: 988)


Started GET "/users" for ::1 at 2023-09-27 17:25:09 -0400
Processing by UsersController#index as */*
  Parameters: {"user"=>{"username"=>"boo"}}
  [1m[36mUser Load (0.3ms)[0m  [1m[34mSELECT "users".* FROM "users"[0m
  ↳ app/controllers/users_controller.rb:6:in `index'
Completed 200 OK in 4ms (Views: 2.7ms | ActiveRecord: 0.3ms | Allocations: 882)


Started POST "/artworks" for ::1 at 2023-09-27 17:25:44 -0400
Processing by ArtworksController#create as */*
  Parameters: {"artworks"=>{"title"=>"boo", "image_url"=>"https://splicetoday.imgix.net/uploads/posts/photos/26341/rsz_screen_shot_2020-04-01_at_81155_pm.png?ixlib=rails-2.1.4&w=1200&h=630&s=87c3ecc79d44cfa63ff68ecfdd645b87", "artist_id"=>"2"}}
  [1m[36mTRANSACTION (0.1ms)[0m  [1m[35mBEGIN[0m
  ↳ app/controllers/artworks_controller.rb:25:in `create'
  [1m[36mArtwork Exists? (0.2ms)[0m  [1m[34mSELECT 1 AS one FROM "artworks" WHERE "artworks"."title" = $1 LIMIT $2[0m  [["title", "boo"], ["LIMIT", 1]]
  ↳ app/controllers/artworks_controller.rb:25:in `create'
  [1m[36mArtwork Exists? (0.1ms)[0m  [1m[34mSELECT 1 AS one FROM "artworks" WHERE "artworks"."image_url" = $1 LIMIT $2[0m  [["image_url", "https://splicetoday.imgix.net/uploads/posts/photos/26341/rsz_screen_shot_2020-04-01_at_81155_pm.png?ixlib=rails-2.1.4&w=1200&h=630&s=87c3ecc79d44cfa63ff68ecfdd645b87"], ["LIMIT", 1]]
  ↳ app/controllers/artworks_controller.rb:25:in `create'
  [1m[36mArtwork Exists? (0.1ms)[0m  [1m[34mSELECT 1 AS one FROM "artworks" WHERE "artworks"."artist_id" = $1 LIMIT $2[0m  [["artist_id", 2], ["LIMIT", 1]]
  ↳ app/controllers/artworks_controller.rb:25:in `create'
  [1m[36mUser Load (0.1ms)[0m  [1m[34mSELECT "users".* FROM "users" WHERE "users"."id" = $1 LIMIT $2[0m  [["id", 2], ["LIMIT", 1]]
  ↳ app/controllers/artworks_controller.rb:25:in `create'
  [1m[36mArtwork Create (0.4ms)[0m  [1m[32mINSERT INTO "artworks" ("title", "image_url", "artist_id", "created_at", "updated_at") VALUES ($1, $2, $3, $4, $5) RETURNING "id"[0m  [["title", "boo"], ["image_url", "https://splicetoday.imgix.net/uploads/posts/photos/26341/rsz_screen_shot_2020-04-01_at_81155_pm.png?ixlib=rails-2.1.4&w=1200&h=630&s=87c3ecc79d44cfa63ff68ecfdd645b87"], ["artist_id", 2], ["created_at", "2023-09-27 21:25:44.101529"], ["updated_at", "2023-09-27 21:25:44.101529"]]
  ↳ app/controllers/artworks_controller.rb:25:in `create'
  [1m[36mTRANSACTION (0.3ms)[0m  [1m[35mCOMMIT[0m
  ↳ app/controllers/artworks_controller.rb:25:in `create'
Completed 500 Internal Server Error in 12ms (ActiveRecord: 1.4ms | Allocations: 8666)


  
NameError (undefined local variable or method `artworks' for #<ArtworksController:0x0000000001dab0>

            redirect_to artwork_url(artworks)
                                    ^^^^^^^^
Did you mean?  artwork):
  
app/controllers/artworks_controller.rb:27:in `create'
Started GET "/artworks" for ::1 at 2023-09-27 17:25:52 -0400
Processing by ArtworksController#index as */*
  Parameters: {"artworks"=>{"title"=>"boo", "image_url"=>"https://splicetoday.imgix.net/uploads/posts/photos/26341/rsz_screen_shot_2020-04-01_at_81155_pm.png?ixlib=rails-2.1.4&w=1200&h=630&s=87c3ecc79d44cfa63ff68ecfdd645b87", "artist_id"=>"2"}}
Completed 404 Not Found in 1ms (ActiveRecord: 0.0ms | Allocations: 529)


  
ActiveRecord::RecordNotFound (Couldn't find Artwork without an ID):
  
app/controllers/artworks_controller.rb:5:in `index'
Started GET "/artworks/2" for ::1 at 2023-09-27 17:26:33 -0400
Processing by ArtworksController#show as */*
  Parameters: {"artworks"=>{"title"=>"boo", "image_url"=>"https://splicetoday.imgix.net/uploads/posts/photos/26341/rsz_screen_shot_2020-04-01_at_81155_pm.png?ixlib=rails-2.1.4&w=1200&h=630&s=87c3ecc79d44cfa63ff68ecfdd645b87", "artist_id"=>"2"}, "id"=>"2"}
  [1m[36mArtwork Load (0.3ms)[0m  [1m[34mSELECT "artworks".* FROM "artworks" WHERE "artworks"."id" = $1 LIMIT $2[0m  [["id", 2], ["LIMIT", 1]]
  ↳ app/controllers/artworks_controller.rb:13:in `show'
Completed 200 OK in 4ms (Views: 0.7ms | ActiveRecord: 0.3ms | Allocations: 1293)


Started POST "/users" for ::1 at 2023-09-28 09:24:59 -0400
  [1m[36mActiveRecord::SchemaMigration Pluck (0.5ms)[0m  [1m[34mSELECT "schema_migrations"."version" FROM "schema_migrations" ORDER BY "schema_migrations"."version" ASC[0m
Processing by UsersController#create as */*
  Parameters: {"users"=>{"username"=>"charlie"}}
Completed 400 Bad Request in 6ms (ActiveRecord: 0.0ms | Allocations: 3812)


  
ActionController::ParameterMissing (param is missing or the value is empty: user
Did you mean?  users):
  
app/controllers/users_controller.rb:77:in `user_params'
app/controllers/users_controller.rb:28:in `create'
Started POST "/users" for ::1 at 2023-09-28 09:25:46 -0400
Processing by UsersController#create as */*
  Parameters: {"users"=>{"username"=>"charlie"}}
  [1m[36mTRANSACTION (0.2ms)[0m  [1m[35mBEGIN[0m
  ↳ app/controllers/users_controller.rb:31:in `create'
  [1m[36mUser Exists? (1.1ms)[0m  [1m[34mSELECT 1 AS one FROM "users" WHERE "users"."username" = $1 LIMIT $2[0m  [["username", "charlie"], ["LIMIT", 1]]
  ↳ app/controllers/users_controller.rb:31:in `create'
  [1m[36mUser Create (0.4ms)[0m  [1m[32mINSERT INTO "users" ("username", "created_at", "updated_at") VALUES ($1, $2, $3) RETURNING "id"[0m  [["username", "charlie"], ["created_at", "2023-09-28 13:25:46.518147"], ["updated_at", "2023-09-28 13:25:46.518147"]]
  ↳ app/controllers/users_controller.rb:31:in `create'
  [1m[36mTRANSACTION (1.3ms)[0m  [1m[35mCOMMIT[0m
  ↳ app/controllers/users_controller.rb:31:in `create'
Redirected to http://localhost:3000/users.3
Completed 302 Found in 18ms (ActiveRecord: 8.4ms | Allocations: 10614)


Started GET "/users.3" for ::1 at 2023-09-28 09:25:46 -0400
Processing by UsersController#index as */*
  [1m[36mUser Load (0.5ms)[0m  [1m[34mSELECT "users".* FROM "users"[0m
  ↳ app/controllers/users_controller.rb:8:in `index'
Completed 200 OK in 3ms (Views: 2.6ms | ActiveRecord: 0.5ms | Allocations: 1380)


Started GET "/artworks" for ::1 at 2023-09-28 09:48:42 -0400
  [1m[36mActiveRecord::SchemaMigration Pluck (0.3ms)[0m  [1m[34mSELECT "schema_migrations"."version" FROM "schema_migrations" ORDER BY "schema_migrations"."version" ASC[0m
Processing by ArtworksController#index as */*
  Parameters: {"users"=>{"username"=>"charlie"}}
Completed 500 Internal Server Error in 4ms (ActiveRecord: 0.0ms | Allocations: 2538)


  
NoMethodError (undefined method `has_key' for #<ActionController::Parameters {"users"=>{"username"=>"charlie"}, "controller"=>"artworks", "action"=>"index"} permitted: false>

        if params.has_key(:user_id)
                 ^^^^^^^^
Did you mean?  has_key?):
  
app/controllers/artworks_controller.rb:5:in `index'
Started GET "/artworks" for ::1 at 2023-09-28 09:48:55 -0400
Processing by ArtworksController#index as */*
  Parameters: {"users"=>{"username"=>"charlie"}}
  [1m[36mArtwork Load (0.9ms)[0m  [1m[34mSELECT "artworks".* FROM "artworks"[0m
  ↳ app/controllers/artworks_controller.rb:10:in `index'
Completed 200 OK in 16ms (Views: 4.1ms | ActiveRecord: 7.5ms | Allocations: 8150)


Started GET "/artworks/2" for ::1 at 2023-09-28 09:49:02 -0400
Processing by ArtworksController#show as */*
  Parameters: {"users"=>{"username"=>"charlie"}, "id"=>"2"}
  [1m[36mArtwork Load (0.2ms)[0m  [1m[34mSELECT "artworks".* FROM "artworks" WHERE "artworks"."id" = $1 LIMIT $2[0m  [["id", 2], ["LIMIT", 1]]
  ↳ app/controllers/artworks_controller.rb:17:in `show'
Completed 200 OK in 7ms (Views: 0.6ms | ActiveRecord: 0.4ms | Allocations: 2696)


Started GET "/artworks/1" for ::1 at 2023-09-28 09:50:53 -0400
Processing by ArtworksController#show as */*
  Parameters: {"users"=>{"username"=>"charlie"}, "id"=>"1"}
  [1m[36mArtwork Load (0.3ms)[0m  [1m[34mSELECT "artworks".* FROM "artworks" WHERE "artworks"."id" = $1 LIMIT $2[0m  [["id", 1], ["LIMIT", 1]]
  ↳ app/controllers/artworks_controller.rb:17:in `show'
Completed 200 OK in 3ms (Views: 0.4ms | ActiveRecord: 0.3ms | Allocations: 705)


Started GET "/artworks" for ::1 at 2023-09-28 09:51:07 -0400
Processing by ArtworksController#index as */*
  Parameters: {"users"=>{"username"=>"charlie"}}
  [1m[36mArtwork Load (0.4ms)[0m  [1m[34mSELECT "artworks".* FROM "artworks"[0m
  ↳ app/controllers/artworks_controller.rb:10:in `index'
Completed 200 OK in 9ms (Views: 8.0ms | ActiveRecord: 0.4ms | Allocations: 945)


Started POST "/artworks" for ::1 at 2023-09-28 09:51:46 -0400
Processing by ArtworksController#create as */*
  Parameters: {"artworks"=>{"title"=>"sdsaed", "image_url"=>"bbbbbb", "artist_id"=>"1"}}
  [1m[36mTRANSACTION (0.1ms)[0m  [1m[35mBEGIN[0m
  ↳ app/controllers/artworks_controller.rb:29:in `create'
  [1m[36mArtwork Exists? (0.4ms)[0m  [1m[34mSELECT 1 AS one FROM "artworks" WHERE "artworks"."title" = $1 LIMIT $2[0m  [["title", "sdsaed"], ["LIMIT", 1]]
  ↳ app/controllers/artworks_controller.rb:29:in `create'
  [1m[36mArtwork Exists? (0.1ms)[0m  [1m[34mSELECT 1 AS one FROM "artworks" WHERE "artworks"."image_url" = $1 LIMIT $2[0m  [["image_url", "bbbbbb"], ["LIMIT", 1]]
  ↳ app/controllers/artworks_controller.rb:29:in `create'
  [1m[36mArtwork Exists? (0.3ms)[0m  [1m[34mSELECT 1 AS one FROM "artworks" WHERE "artworks"."artist_id" = $1 LIMIT $2[0m  [["artist_id", 1], ["LIMIT", 1]]
  ↳ app/controllers/artworks_controller.rb:29:in `create'
  [1m[36mUser Load (1.0ms)[0m  [1m[34mSELECT "users".* FROM "users" WHERE "users"."id" = $1 LIMIT $2[0m  [["id", 1], ["LIMIT", 1]]
  ↳ app/controllers/artworks_controller.rb:29:in `create'
  [1m[36mTRANSACTION (0.4ms)[0m  [1m[31mROLLBACK[0m
  ↳ app/controllers/artworks_controller.rb:29:in `create'
Completed 500 Internal Server Error in 22ms (ActiveRecord: 5.7ms | Allocations: 12420)


  
ArgumentError ('"Artist has already been taken"' is not an ActiveModel-compatible object. It must implement :to_partial_path.):
  
app/controllers/artworks_controller.rb:33:in `create'
Started POST "/artworks" for ::1 at 2023-09-28 09:52:28 -0400
Processing by ArtworksController#create as */*
  Parameters: {"artworks"=>{"title"=>"plagarism", "image_url"=>"bbbbbb", "artist_id"=>"1"}}
Completed 500 Internal Server Error in 1ms (ActiveRecord: 0.0ms | Allocations: 823)


  
SyntaxError (/Users/robertlee/Desktop/AppAcademy/W6/W6D3_p/practice/app/models/artwork.rb:13: syntax error, unexpected local variable or method, expecting `end'
    validates :title presence: true, uniqueness: true
                     ^~~~~~~~
/Users/robertlee/Desktop/AppAcademy/W6/W6D3_p/practice/app/models/artwork.rb:13: Can't assign to true
...validates :title presence: true, uniqueness: true
...                           ^~~~
):
  
app/models/artwork.rb:13: syntax error, unexpected local variable or method, expecting `end'
app/models/artwork.rb:13: Can't assign to true
app/models/artwork.rb:13: syntax error, unexpected local variable or method, expecting `end'
app/models/artwork.rb:13: Can't assign to true
app/controllers/artworks_controller.rb:27:in `create'
Started POST "/artworks" for ::1 at 2023-09-28 09:52:36 -0400
Processing by ArtworksController#create as */*
  Parameters: {"artworks"=>{"title"=>"plagarism", "image_url"=>"bbbbbb", "artist_id"=>"1"}}
  [1m[36mTRANSACTION (0.1ms)[0m  [1m[35mBEGIN[0m
  ↳ app/controllers/artworks_controller.rb:29:in `create'
  [1m[36mArtwork Exists? (0.2ms)[0m  [1m[34mSELECT 1 AS one FROM "artworks" WHERE "artworks"."title" = $1 LIMIT $2[0m  [["title", "plagarism"], ["LIMIT", 1]]
  ↳ app/controllers/artworks_controller.rb:29:in `create'
  [1m[36mUser Load (0.2ms)[0m  [1m[34mSELECT "users".* FROM "users" WHERE "users"."id" = $1 LIMIT $2[0m  [["id", 1], ["LIMIT", 1]]
  ↳ app/controllers/artworks_controller.rb:29:in `create'
  [1m[36mArtwork Create (0.9ms)[0m  [1m[32mINSERT INTO "artworks" ("title", "image_url", "artist_id", "created_at", "updated_at") VALUES ($1, $2, $3, $4, $5) RETURNING "id"[0m  [["title", "plagarism"], ["image_url", "bbbbbb"], ["artist_id", 1], ["created_at", "2023-09-28 13:52:36.873582"], ["updated_at", "2023-09-28 13:52:36.873582"]]
  ↳ app/controllers/artworks_controller.rb:29:in `create'
  [1m[36mTRANSACTION (2.0ms)[0m  [1m[35mCOMMIT[0m
  ↳ app/controllers/artworks_controller.rb:29:in `create'
Completed 500 Internal Server Error in 26ms (ActiveRecord: 8.6ms | Allocations: 15856)


  
NameError (undefined local variable or method `artworks' for #<ArtworksController:0x00000000018740>

            redirect_to artwork_url(artworks)
                                    ^^^^^^^^
Did you mean?  artwork):
  
app/controllers/artworks_controller.rb:31:in `create'
Started POST "/artworks" for ::1 at 2023-09-28 09:52:55 -0400
Processing by ArtworksController#create as */*
  Parameters: {"artworks"=>{"title"=>"plagarism", "image_url"=>"bbbbbb", "artist_id"=>"1"}}
  [1m[36mTRANSACTION (0.1ms)[0m  [1m[35mBEGIN[0m
  ↳ app/controllers/artworks_controller.rb:29:in `create'
  [1m[36mArtwork Exists? (0.2ms)[0m  [1m[34mSELECT 1 AS one FROM "artworks" WHERE "artworks"."title" = $1 LIMIT $2[0m  [["title", "plagarism"], ["LIMIT", 1]]
  ↳ app/controllers/artworks_controller.rb:29:in `create'
  [1m[36mUser Load (0.2ms)[0m  [1m[34mSELECT "users".* FROM "users" WHERE "users"."id" = $1 LIMIT $2[0m  [["id", 1], ["LIMIT", 1]]
  ↳ app/controllers/artworks_controller.rb:29:in `create'
  [1m[36mTRANSACTION (0.1ms)[0m  [1m[31mROLLBACK[0m
  ↳ app/controllers/artworks_controller.rb:29:in `create'
Completed 500 Internal Server Error in 20ms (ActiveRecord: 9.6ms | Allocations: 12341)


  
ArgumentError ('"Title has already been taken"' is not an ActiveModel-compatible object. It must implement :to_partial_path.):
  
app/controllers/artworks_controller.rb:33:in `create'
Started GET "/artworks" for ::1 at 2023-09-28 09:53:01 -0400
Processing by ArtworksController#index as */*
  Parameters: {"artworks"=>{"title"=>"plagarism", "image_url"=>"bbbbbb", "artist_id"=>"1"}}
  [1m[36mArtwork Load (0.2ms)[0m  [1m[34mSELECT "artworks".* FROM "artworks"[0m
  ↳ app/controllers/artworks_controller.rb:10:in `index'
Completed 200 OK in 3ms (Views: 1.4ms | ActiveRecord: 0.2ms | Allocations: 1244)


Started GET "/artworks/1" for ::1 at 2023-09-28 09:53:10 -0400
Processing by ArtworksController#show as */*
  Parameters: {"artworks"=>{"title"=>"plagarism", "image_url"=>"bbbbbb", "artist_id"=>"1"}, "id"=>"1"}
  [1m[36mArtwork Load (0.3ms)[0m  [1m[34mSELECT "artworks".* FROM "artworks" WHERE "artworks"."id" = $1 LIMIT $2[0m  [["id", 1], ["LIMIT", 1]]
  ↳ app/controllers/artworks_controller.rb:17:in `show'
Completed 200 OK in 4ms (Views: 0.4ms | ActiveRecord: 0.3ms | Allocations: 1299)


Started GET "/artworks/1" for ::1 at 2023-09-28 09:53:30 -0400
Processing by ArtworksController#show as */*
  Parameters: {"artworks"=>{"title"=>"plagarism", "image_url"=>"bbbbbb", "artist_id"=>"1"}, "id"=>"1"}
  [1m[36mArtwork Load (0.3ms)[0m  [1m[34mSELECT "artworks".* FROM "artworks" WHERE "artworks"."id" = $1 LIMIT $2[0m  [["id", 1], ["LIMIT", 1]]
  ↳ app/controllers/artworks_controller.rb:13:in `show'
Completed 200 OK in 10ms (Views: 0.2ms | ActiveRecord: 5.3ms | Allocations: 4922)


Started GET "/artworks" for ::1 at 2023-09-28 09:53:51 -0400
Processing by ArtworksController#index as */*
  Parameters: {"artworks"=>{"title"=>"plagarism", "image_url"=>"bbbbbb", "artist_id"=>"1"}}
Completed 404 Not Found in 4ms (ActiveRecord: 2.3ms | Allocations: 2305)


  
ActiveRecord::RecordNotFound (Couldn't find Artwork without an ID):
  
app/controllers/artworks_controller.rb:5:in `index'
Started GET "/artworks/2" for ::1 at 2023-09-28 09:54:00 -0400
Processing by ArtworksController#show as */*
  Parameters: {"artworks"=>{"title"=>"plagarism", "image_url"=>"bbbbbb", "artist_id"=>"1"}, "id"=>"2"}
  [1m[36mArtwork Load (0.2ms)[0m  [1m[34mSELECT "artworks".* FROM "artworks" WHERE "artworks"."id" = $1 LIMIT $2[0m  [["id", 2], ["LIMIT", 1]]
  ↳ app/controllers/artworks_controller.rb:13:in `show'
Completed 200 OK in 7ms (Views: 0.3ms | ActiveRecord: 1.2ms | Allocations: 3162)


